\BOOKMARK [0][-]{section*.1}{Management Summary}{}% 1
\BOOKMARK [0][-]{chapter.1}{Einleitung}{}% 2
\BOOKMARK [1][-]{section.1.1}{Dokumentaufbau}{chapter.1}% 3
\BOOKMARK [1][-]{section.1.2}{Kontakt}{chapter.1}% 4
\BOOKMARK [1][-]{section.1.3}{Verbesserungsvorschl\344ge}{chapter.1}% 5
\BOOKMARK [0][-]{chapter.2}{Anleitungen}{}% 6
\BOOKMARK [1][-]{section.2.1}{Stichwortverzeichnisse}{chapter.2}% 7
\BOOKMARK [1][-]{section.2.2}{Glossar}{chapter.2}% 8
\BOOKMARK [1][-]{section.2.3}{Bibliographie}{chapter.2}% 9
\BOOKMARK [0][-]{chapter.3}{Satzspiegeltest}{}% 10
\BOOKMARK [1][-]{section.3.1}{Der gro\337e Oxmox}{chapter.3}% 11
\BOOKMARK [1][-]{section.3.2}{Typoblindtext}{chapter.3}% 12
\BOOKMARK [2][-]{subsection.3.2.1}{Demonstrandum}{section.3.2}% 13
\BOOKMARK [1][-]{section.3.3}{Webstandards}{chapter.3}% 14
\BOOKMARK [0][-]{chapter.4}{Schlussfolgerungen/Fazit}{}% 15
\BOOKMARK [0][-]{section*.11}{Selbst\344ndigkeitserkl\344rung}{}% 16
\BOOKMARK [0][-]{section*.13}{Glossar}{}% 17
\BOOKMARK [0][-]{section*.14}{Literaturverzeichnis}{}% 18
\BOOKMARK [0][-]{section*.15}{Abbildungsverzeichnis}{}% 19
\BOOKMARK [0][-]{section*.17}{Tabellenverzeichnis}{}% 20
\BOOKMARK [0][-]{section*.19}{Stichwortverzeichnis}{}% 21
\BOOKMARK [0][-]{appendix.A}{Beliebiger Anhang}{}% 22
\BOOKMARK [0][-]{appendix.B}{Weiterer Anhang}{}% 23
\BOOKMARK [1][-]{section.B.1}{Test 1}{appendix.B}% 24
\BOOKMARK [2][-]{subsection.B.1.1}{Umfeld}{section.B.1}% 25
\BOOKMARK [0][-]{appendix.C}{Inhalt der CD-ROM}{}% 26
